진행완료/ComposeCamp2022-for-Beginners/Unit1/Pathway3/BirthdayCard/app/build/intermediates/manifest_merge_blame_file/debug/manifest-merger-blame-debug-report.txt
1<?xml version="1.0" encoding="utf-8"?>
2<!--
3  ~ Copyright (C) 2022 The Android Open Source Project
4  ~
5  ~ Licensed under the Apache License, Version 2.0 (the "License");
6  ~ you may not use this file except in compliance with the License.
7  ~ You may obtain a copy of the License at
8  ~
9  ~     http://www.apache.org/licenses/LICENSE-2.0
10  ~
11  ~ Unless required by applicable law or agreed to in writing, software
12  ~ distributed under the License is distributed on an "AS IS" BASIS,
13  ~ WITHOUT WARRANTIES OR CONDITIONS OF ANY KIND, either express or implied.
14  ~ See the License for the specific language governing permissions and
15  ~ limitations under the License.
16-->
17<manifest xmlns:android="http://schemas.android.com/apk/res/android"
18    package="com.example.happybirthday"
19    android:versionCode="1"
20    android:versionName="1.0" >
21
22    <uses-sdk
23        android:minSdkVersion="21"
23-->src/main/AndroidManifest.xml
24        android:targetSdkVersion="32" />
24-->src/main/AndroidManifest.xml
25
26    <application
26-->src/main/AndroidManifest.xml:20:5-38:19
27        android:allowBackup="true"
27-->src/main/AndroidManifest.xml:21:9-35
28        android:appComponentFactory="androidx.core.app.CoreComponentFactory"
28-->[androidx.core:core:1.7.0] AndroidManifest.xml:24:18-86
29        android:debuggable="true"
30        android:icon="@mipmap/ic_launcher"
30-->src/main/AndroidManifest.xml:22:9-43
31        android:label="@string/app_name"
31-->src/main/AndroidManifest.xml:23:9-41
32        android:roundIcon="@mipmap/ic_launcher_round"
32-->src/main/AndroidManifest.xml:24:9-54
33        android:supportsRtl="true"
33-->src/main/AndroidManifest.xml:25:9-35
34        android:theme="@style/Theme.HappyBirthday" >
34-->src/main/AndroidManifest.xml:26:9-51
35        <activity
35-->src/main/AndroidManifest.xml:27:9-37:20
36            android:name="com.example.happybirthday.MainActivity"
36-->src/main/AndroidManifest.xml:28:13-66
37            android:exported="true"
37-->src/main/AndroidManifest.xml:29:13-36
38            android:label="@string/app_name"
38-->src/main/AndroidManifest.xml:30:13-45
39            android:theme="@style/Theme.HappyBirthday" >
39-->src/main/AndroidManifest.xml:31:13-55
40            <intent-filter>
40-->src/main/AndroidManifest.xml:32:13-36:29
41                <action android:name="android.intent.action.MAIN" />
41-->src/main/AndroidManifest.xml:33:17-69
41-->src/main/AndroidManifest.xml:33:25-66
42
43                <category android:name="android.intent.category.LAUNCHER" />
43-->src/main/AndroidManifest.xml:35:17-77
43-->src/main/AndroidManifest.xml:35:27-74
44            </intent-filter>
45        </activity>
46        <activity
46-->[androidx.compose.ui:ui-tooling:1.2.0] AndroidManifest.xml:24:9-26:39
47            android:name="androidx.compose.ui.tooling.PreviewActivity"
47-->[androidx.compose.ui:ui-tooling:1.2.0] AndroidManifest.xml:25:13-71
48            android:exported="true" />
48-->[androidx.compose.ui:ui-tooling:1.2.0] AndroidManifest.xml:26:13-36
49
50        <provider
50-->[androidx.profileinstaller:profileinstaller:1.2.0] AndroidManifest.xml:25:9-33:20
51            android:name="androidx.startup.InitializationProvider"
51-->[androidx.profileinstaller:profileinstaller:1.2.0] AndroidManifest.xml:26:13-67
52            android:authorities="com.example.happybirthday.androidx-startup"
52-->[androidx.profileinstaller:profileinstaller:1.2.0] AndroidManifest.xml:27:13-68
53            android:exported="false" >
53-->[androidx.profileinstaller:profileinstaller:1.2.0] AndroidManifest.xml:28:13-37
54            <meta-data
54-->[androidx.profileinstaller:profileinstaller:1.2.0] AndroidManifest.xml:30:13-32:52
55                android:name="androidx.profileinstaller.ProfileInstallerInitializer"
55-->[androidx.profileinstaller:profileinstaller:1.2.0] AndroidManifest.xml:31:17-85
56                android:value="androidx.startup" />
56-->[androidx.profileinstaller:profileinstaller:1.2.0] AndroidManifest.xml:32:17-49
57        </provider>
58
59        <receiver
59-->[androidx.profileinstaller:profileinstaller:1.2.0] AndroidManifest.xml:35:9-47:20
60            android:name="androidx.profileinstaller.ProfileInstallReceiver"
60-->[androidx.profileinstaller:profileinstaller:1.2.0] AndroidManifest.xml:36:13-76
61            android:directBootAware="false"
61-->[androidx.profileinstaller:profileinstaller:1.2.0] AndroidManifest.xml:37:13-44
62            android:enabled="true"
62-->[androidx.profileinstaller:profileinstaller:1.2.0] AndroidManifest.xml:38:13-35
63            android:exported="true"
63-->[androidx.profileinstaller:profileinstaller:1.2.0] AndroidManifest.xml:39:13-36
64            android:permission="android.permission.DUMP" >
64-->[androidx.profileinstaller:profileinstaller:1.2.0] AndroidManifest.xml:40:13-57
65            <intent-filter>
65-->[androidx.profileinstaller:profileinstaller:1.2.0] AndroidManifest.xml:41:13-43:29
66                <action android:name="androidx.profileinstaller.action.INSTALL_PROFILE" />
66-->[androidx.profileinstaller:profileinstaller:1.2.0] AndroidManifest.xml:42:17-91
66-->[androidx.profileinstaller:profileinstaller:1.2.0] AndroidManifest.xml:42:25-88
67            </intent-filter>
68            <intent-filter>
68-->[androidx.profileinstaller:profileinstaller:1.2.0] AndroidManifest.xml:44:13-46:29
69                <action android:name="androidx.profileinstaller.action.SKIP_FILE" />
69-->[androidx.profileinstaller:profileinstaller:1.2.0] AndroidManifest.xml:45:17-85
69-->[androidx.profileinstaller:profileinstaller:1.2.0] AndroidManifest.xml:45:25-82
70            </intent-filter>
71        </receiver>
72    </application>
73
74</manifest>